<?xml version="1.0" encoding="UTF-8"?>
<testsuite name="OrderComponentUnitTest" tests="2" skipped="0" failures="0" errors="0" timestamp="2023-05-11T16:16:09" hostname="DESKTOP-V1C6Q78" time="0.094">
  <properties/>
  <testcase name="createOrderUnitTest()" classname="OrderComponentUnitTest" time="0.072"/>
  <testcase name="createOrderUnitTestB()" classname="OrderComponentUnitTest" time="0.016"/>
  <system-out><![CDATA[20:15:58.551 [Test worker] DEBUG org.springframework.test.context.BootstrapUtils - Instantiating CacheAwareContextLoaderDelegate from class [org.springframework.test.context.cache.DefaultCacheAwareContextLoaderDelegate]
20:15:58.567 [Test worker] DEBUG org.springframework.test.context.BootstrapUtils - Instantiating BootstrapContext using constructor [public org.springframework.test.context.support.DefaultBootstrapContext(java.lang.Class,org.springframework.test.context.CacheAwareContextLoaderDelegate)]
20:15:58.629 [Test worker] DEBUG org.springframework.test.context.BootstrapUtils - Instantiating TestContextBootstrapper for test class [OrderComponentUnitTest] from class [org.springframework.boot.test.context.SpringBootTestContextBootstrapper]
20:15:58.645 [Test worker] INFO org.springframework.boot.test.context.SpringBootTestContextBootstrapper - Neither @ContextConfiguration nor @ContextHierarchy found for test class [OrderComponentUnitTest], using SpringBootContextLoader
20:15:58.645 [Test worker] DEBUG org.springframework.test.context.support.AbstractContextLoader - Did not detect default resource location for test class [OrderComponentUnitTest]: class path resource [OrderComponentUnitTest-context.xml] does not exist
20:15:58.645 [Test worker] DEBUG org.springframework.test.context.support.AbstractContextLoader - Did not detect default resource location for test class [OrderComponentUnitTest]: class path resource [OrderComponentUnitTestContext.groovy] does not exist
20:15:58.645 [Test worker] INFO org.springframework.test.context.support.AbstractContextLoader - Could not detect default resource locations for test class [OrderComponentUnitTest]: no resource found for suffixes {-context.xml, Context.groovy}.
20:15:58.752 [Test worker] DEBUG org.springframework.test.context.support.ActiveProfilesUtils - Could not find an 'annotation declaring class' for annotation type [org.springframework.test.context.ActiveProfiles] and class [OrderComponentUnitTest]
20:15:58.955 [Test worker] DEBUG org.springframework.boot.test.context.SpringBootTestContextBootstrapper - @TestExecutionListeners is not present for class [OrderComponentUnitTest]: using defaults.
20:15:58.955 [Test worker] INFO org.springframework.boot.test.context.SpringBootTestContextBootstrapper - Loaded default TestExecutionListener class names from location [META-INF/spring.factories]: [org.springframework.boot.test.autoconfigure.restdocs.RestDocsTestExecutionListener, org.springframework.boot.test.autoconfigure.web.client.MockRestServiceServerResetTestExecutionListener, org.springframework.boot.test.autoconfigure.web.servlet.MockMvcPrintOnlyOnFailureTestExecutionListener, org.springframework.boot.test.autoconfigure.web.servlet.WebDriverTestExecutionListener, org.springframework.boot.test.autoconfigure.webservices.client.MockWebServiceServerTestExecutionListener, org.springframework.boot.test.mock.mockito.MockitoTestExecutionListener, org.springframework.boot.test.mock.mockito.ResetMocksTestExecutionListener, org.springframework.test.context.web.ServletTestExecutionListener, org.springframework.test.context.support.DirtiesContextBeforeModesTestExecutionListener, org.springframework.test.context.event.ApplicationEventsTestExecutionListener, org.springframework.test.context.support.DependencyInjectionTestExecutionListener, org.springframework.test.context.support.DirtiesContextTestExecutionListener, org.springframework.test.context.transaction.TransactionalTestExecutionListener, org.springframework.test.context.jdbc.SqlScriptsTestExecutionListener, org.springframework.test.context.event.EventPublishingTestExecutionListener]
20:15:58.986 [Test worker] INFO org.springframework.boot.test.context.SpringBootTestContextBootstrapper - Using TestExecutionListeners: [org.springframework.test.context.web.ServletTestExecutionListener@21005f6c, org.springframework.test.context.support.DirtiesContextBeforeModesTestExecutionListener@32f0fba8, org.springframework.test.context.event.ApplicationEventsTestExecutionListener@545de5a4, org.springframework.boot.test.mock.mockito.MockitoTestExecutionListener@29ef6856, org.springframework.boot.test.autoconfigure.SpringBootDependencyInjectionTestExecutionListener@ab7a938, org.springframework.test.context.support.DirtiesContextTestExecutionListener@3faf2e7d, org.springframework.test.context.transaction.TransactionalTestExecutionListener@4648ce9, org.springframework.test.context.jdbc.SqlScriptsTestExecutionListener@569bf9eb, org.springframework.test.context.event.EventPublishingTestExecutionListener@61526469, org.springframework.boot.test.autoconfigure.restdocs.RestDocsTestExecutionListener@274872f8, org.springframework.boot.test.autoconfigure.web.client.MockRestServiceServerResetTestExecutionListener@76ba13c, org.springframework.boot.test.autoconfigure.web.servlet.MockMvcPrintOnlyOnFailureTestExecutionListener@eb6449b, org.springframework.boot.test.autoconfigure.web.servlet.WebDriverTestExecutionListener@7c351808, org.springframework.boot.test.autoconfigure.webservices.client.MockWebServiceServerTestExecutionListener@180e6ac4, org.springframework.boot.test.mock.mockito.ResetMocksTestExecutionListener@42b64ab8]
20:15:58.986 [Test worker] DEBUG org.springframework.test.context.support.AbstractDirtiesContextTestExecutionListener - Before test class: context [DefaultTestContext@649725e3 testClass = OrderComponentUnitTest, testInstance = [null], testMethod = [null], testException = [null], mergedContextConfiguration = [WebMergedContextConfiguration@3c0fae6c testClass = OrderComponentUnitTest, locations = '{}', classes = '{class org.example.ShopApplication}', contextInitializerClasses = '[]', activeProfiles = '{}', propertySourceLocations = '{}', propertySourceProperties = '{org.springframework.boot.test.context.SpringBootTestContextBootstrapper=true}', contextCustomizers = set[org.springframework.boot.test.autoconfigure.actuate.metrics.MetricsExportContextCustomizerFactory$DisableMetricExportContextCustomizer@55dfcc6, org.springframework.boot.test.autoconfigure.properties.PropertyMappingContextCustomizer@0, org.springframework.boot.test.autoconfigure.web.servlet.WebDriverContextCustomizerFactory$Customizer@3ed242a4, org.springframework.boot.test.context.filter.ExcludeFilterContextCustomizer@73a2e526, org.springframework.boot.test.json.DuplicateJsonObjectContextCustomizerFactory$DuplicateJsonObjectContextCustomizer@cd1d761, org.springframework.boot.test.mock.mockito.MockitoContextCustomizer@0, org.springframework.boot.test.web.client.TestRestTemplateContextCustomizer@77b14724, org.springframework.boot.test.context.SpringBootTestArgs@1, org.springframework.boot.test.context.SpringBootTestWebEnvironment@d5b810e], resourceBasePath = 'src/main/webapp', contextLoader = 'org.springframework.boot.test.context.SpringBootContextLoader', parent = [null]], attributes = map['org.springframework.test.context.web.ServletTestExecutionListener.activateListener' -> true]], class annotated with @DirtiesContext [false] with mode [null].

  .   ____          _            __ _ _
 /\\ / ___'_ __ _ _(_)_ __  __ _ \ \ \ \
( ( )\___ | '_ | '_| | '_ \/ _` | \ \ \ \
 \\/  ___)| |_)| | | | | || (_| |  ) ) ) )
  '  |____| .__|_| |_|_| |_\__, | / / / /
 =========|_|==============|___/=/_/_/_/
 :: Spring Boot ::               (v2.6.14)

2023-05-11 20:15:59.586  INFO 8740 --- [    Test worker] OrderComponentUnitTest                   : Starting OrderComponentUnitTest using Java 17.0.6 on DESKTOP-V1C6Q78 with PID 8740 (started by matiu in C:\Users\matiu\Downloads\tkslatest\TinkoffShopSpring-main)
2023-05-11 20:15:59.586  INFO 8740 --- [    Test worker] OrderComponentUnitTest                   : No active profile set, falling back to 1 default profile: "default"
2023-05-11 20:16:01.204  INFO 8740 --- [    Test worker] .s.d.r.c.RepositoryConfigurationDelegate : Bootstrapping Spring Data JPA repositories in DEFAULT mode.
2023-05-11 20:16:01.308  INFO 8740 --- [    Test worker] .s.d.r.c.RepositoryConfigurationDelegate : Finished Spring Data repository scanning in 92 ms. Found 3 JPA repository interfaces.
2023-05-11 20:16:02.298  INFO 8740 --- [    Test worker] o.hibernate.jpa.internal.util.LogHelper  : HHH000204: Processing PersistenceUnitInfo [name: default]
2023-05-11 20:16:02.423  INFO 8740 --- [    Test worker] org.hibernate.Version                    : HHH000412: Hibernate ORM core version 5.6.14.Final
2023-05-11 20:16:02.720  INFO 8740 --- [    Test worker] o.hibernate.annotations.common.Version   : HCANN000001: Hibernate Commons Annotations {5.1.2.Final}
2023-05-11 20:16:02.946  INFO 8740 --- [    Test worker] com.zaxxer.hikari.HikariDataSource       : HikariPool-1 - Starting...
2023-05-11 20:16:03.270  INFO 8740 --- [    Test worker] com.zaxxer.hikari.HikariDataSource       : HikariPool-1 - Start completed.
2023-05-11 20:16:03.305  INFO 8740 --- [    Test worker] org.hibernate.dialect.Dialect            : HHH000400: Using dialect: org.hibernate.dialect.PostgreSQLDialect
2023-05-11 20:16:04.700  INFO 8740 --- [    Test worker] o.h.e.t.j.p.i.JtaPlatformInitiator       : HHH000490: Using JtaPlatform implementation: [org.hibernate.engine.transaction.jta.platform.internal.NoJtaPlatform]
2023-05-11 20:16:04.700  INFO 8740 --- [    Test worker] j.LocalContainerEntityManagerFactoryBean : Initialized JPA EntityManagerFactory for persistence unit 'default'
2023-05-11 20:16:05.982  WARN 8740 --- [    Test worker] JpaBaseConfiguration$JpaWebConfiguration : spring.jpa.open-in-view is enabled by default. Therefore, database queries may be performed during view rendering. Explicitly configure spring.jpa.open-in-view to disable this warning
2023-05-11 20:16:08.550  INFO 8740 --- [    Test worker] OrderComponentUnitTest                   : Started OrderComponentUnitTest in 9.497 seconds (JVM running for 11.379)
]]></system-out>
  <system-err><![CDATA[]]></system-err>
</testsuite>
