<?xml version="1.0" encoding="UTF-8"?>
<testsuite name="AccountTest" tests="2" skipped="0" failures="0" errors="0" timestamp="2023-05-19T19:44:15" hostname="DESKTOP-V1C6Q78" time="0.883">
  <properties/>
  <testcase name="addToBalance()" classname="AccountTest" time="0.854"/>
  <testcase name="createAccount()" classname="AccountTest" time="0.027"/>
  <system-out><![CDATA[23:44:03.718 [Test worker] DEBUG org.springframework.test.context.BootstrapUtils - Instantiating CacheAwareContextLoaderDelegate from class [org.springframework.test.context.cache.DefaultCacheAwareContextLoaderDelegate]
23:44:03.734 [Test worker] DEBUG org.springframework.test.context.BootstrapUtils - Instantiating BootstrapContext using constructor [public org.springframework.test.context.support.DefaultBootstrapContext(java.lang.Class,org.springframework.test.context.CacheAwareContextLoaderDelegate)]
23:44:03.796 [Test worker] DEBUG org.springframework.test.context.BootstrapUtils - Instantiating TestContextBootstrapper for test class [AccountTest] from class [org.springframework.boot.test.context.SpringBootTestContextBootstrapper]
23:44:03.812 [Test worker] INFO org.springframework.boot.test.context.SpringBootTestContextBootstrapper - Neither @ContextConfiguration nor @ContextHierarchy found for test class [AccountTest], using SpringBootContextLoader
23:44:03.812 [Test worker] DEBUG org.springframework.test.context.support.AbstractContextLoader - Did not detect default resource location for test class [AccountTest]: class path resource [AccountTest-context.xml] does not exist
23:44:03.812 [Test worker] DEBUG org.springframework.test.context.support.AbstractContextLoader - Did not detect default resource location for test class [AccountTest]: class path resource [AccountTestContext.groovy] does not exist
23:44:03.828 [Test worker] INFO org.springframework.test.context.support.AbstractContextLoader - Could not detect default resource locations for test class [AccountTest]: no resource found for suffixes {-context.xml, Context.groovy}.
23:44:03.923 [Test worker] DEBUG org.springframework.test.context.support.ActiveProfilesUtils - Could not find an 'annotation declaring class' for annotation type [org.springframework.test.context.ActiveProfiles] and class [AccountTest]
23:44:04.204 [Test worker] DEBUG org.springframework.boot.test.context.SpringBootTestContextBootstrapper - @TestExecutionListeners is not present for class [AccountTest]: using defaults.
23:44:04.204 [Test worker] INFO org.springframework.boot.test.context.SpringBootTestContextBootstrapper - Loaded default TestExecutionListener class names from location [META-INF/spring.factories]: [org.springframework.boot.test.autoconfigure.restdocs.RestDocsTestExecutionListener, org.springframework.boot.test.autoconfigure.web.client.MockRestServiceServerResetTestExecutionListener, org.springframework.boot.test.autoconfigure.web.servlet.MockMvcPrintOnlyOnFailureTestExecutionListener, org.springframework.boot.test.autoconfigure.web.servlet.WebDriverTestExecutionListener, org.springframework.boot.test.autoconfigure.webservices.client.MockWebServiceServerTestExecutionListener, org.springframework.boot.test.mock.mockito.MockitoTestExecutionListener, org.springframework.boot.test.mock.mockito.ResetMocksTestExecutionListener, org.springframework.test.context.web.ServletTestExecutionListener, org.springframework.test.context.support.DirtiesContextBeforeModesTestExecutionListener, org.springframework.test.context.event.ApplicationEventsTestExecutionListener, org.springframework.test.context.support.DependencyInjectionTestExecutionListener, org.springframework.test.context.support.DirtiesContextTestExecutionListener, org.springframework.test.context.transaction.TransactionalTestExecutionListener, org.springframework.test.context.jdbc.SqlScriptsTestExecutionListener, org.springframework.test.context.event.EventPublishingTestExecutionListener]
23:44:04.236 [Test worker] INFO org.springframework.boot.test.context.SpringBootTestContextBootstrapper - Using TestExecutionListeners: [org.springframework.test.context.web.ServletTestExecutionListener@5be067de, org.springframework.test.context.support.DirtiesContextBeforeModesTestExecutionListener@7383eae2, org.springframework.test.context.event.ApplicationEventsTestExecutionListener@18245eb0, org.springframework.boot.test.mock.mockito.MockitoTestExecutionListener@7c7d3c46, org.springframework.boot.test.autoconfigure.SpringBootDependencyInjectionTestExecutionListener@24fb6a80, org.springframework.test.context.support.DirtiesContextTestExecutionListener@48c35007, org.springframework.test.context.transaction.TransactionalTestExecutionListener@72a85671, org.springframework.test.context.jdbc.SqlScriptsTestExecutionListener@6722db6e, org.springframework.test.context.event.EventPublishingTestExecutionListener@18f20260, org.springframework.boot.test.autoconfigure.restdocs.RestDocsTestExecutionListener@4ae33a11, org.springframework.boot.test.autoconfigure.web.client.MockRestServiceServerResetTestExecutionListener@7a48e6e2, org.springframework.boot.test.autoconfigure.web.servlet.MockMvcPrintOnlyOnFailureTestExecutionListener@b40bb6e, org.springframework.boot.test.autoconfigure.web.servlet.WebDriverTestExecutionListener@3a94964, org.springframework.boot.test.autoconfigure.webservices.client.MockWebServiceServerTestExecutionListener@5049d8b2, org.springframework.boot.test.mock.mockito.ResetMocksTestExecutionListener@6d0b5baf]
23:44:04.254 [Test worker] DEBUG org.springframework.test.context.support.AbstractDirtiesContextTestExecutionListener - Before test class: context [DefaultTestContext@7651218e testClass = AccountTest, testInstance = [null], testMethod = [null], testException = [null], mergedContextConfiguration = [WebMergedContextConfiguration@3185fa6b testClass = AccountTest, locations = '{}', classes = '{class org.example.ShopApplication}', contextInitializerClasses = '[]', activeProfiles = '{}', propertySourceLocations = '{}', propertySourceProperties = '{org.springframework.boot.test.context.SpringBootTestContextBootstrapper=true}', contextCustomizers = set[org.springframework.boot.test.autoconfigure.actuate.metrics.MetricsExportContextCustomizerFactory$DisableMetricExportContextCustomizer@4ff4357f, org.springframework.boot.test.autoconfigure.properties.PropertyMappingContextCustomizer@0, org.springframework.boot.test.autoconfigure.web.servlet.WebDriverContextCustomizerFactory$Customizer@736caf7a, org.springframework.boot.test.context.filter.ExcludeFilterContextCustomizer@6127a7e, org.springframework.boot.test.json.DuplicateJsonObjectContextCustomizerFactory$DuplicateJsonObjectContextCustomizer@76012793, org.springframework.boot.test.mock.mockito.MockitoContextCustomizer@0, org.springframework.boot.test.web.client.TestRestTemplateContextCustomizer@6fe1b4fb, org.springframework.boot.test.context.SpringBootTestArgs@1, org.springframework.boot.test.context.SpringBootTestWebEnvironment@342c38f8], resourceBasePath = 'src/main/webapp', contextLoader = 'org.springframework.boot.test.context.SpringBootContextLoader', parent = [null]], attributes = map['org.springframework.test.context.web.ServletTestExecutionListener.activateListener' -> true]], class annotated with @DirtiesContext [false] with mode [null].

  .   ____          _            __ _ _
 /\\ / ___'_ __ _ _(_)_ __  __ _ \ \ \ \
( ( )\___ | '_ | '_| | '_ \/ _` | \ \ \ \
 \\/  ___)| |_)| | | | | || (_| |  ) ) ) )
  '  |____| .__|_| |_|_| |_\__, | / / / /
 =========|_|==============|___/=/_/_/_/
 :: Spring Boot ::               (v2.6.14)

2023-05-19 23:44:04.921  INFO 10392 --- [    Test worker] AccountTest                              : Starting AccountTest using Java 17.0.6 on DESKTOP-V1C6Q78 with PID 10392 (started by matiu in C:\Users\matiu\Downloads\tkslatest\qa2\TinkoffShopSpring)
2023-05-19 23:44:04.921  INFO 10392 --- [    Test worker] AccountTest                              : No active profile set, falling back to 1 default profile: "default"
2023-05-19 23:44:07.085  INFO 10392 --- [    Test worker] .s.d.r.c.RepositoryConfigurationDelegate : Bootstrapping Spring Data JPA repositories in DEFAULT mode.
2023-05-19 23:44:07.179  INFO 10392 --- [    Test worker] .s.d.r.c.RepositoryConfigurationDelegate : Finished Spring Data repository scanning in 89 ms. Found 4 JPA repository interfaces.
2023-05-19 23:44:08.361  INFO 10392 --- [    Test worker] o.hibernate.jpa.internal.util.LogHelper  : HHH000204: Processing PersistenceUnitInfo [name: default]
2023-05-19 23:44:08.486  INFO 10392 --- [    Test worker] org.hibernate.Version                    : HHH000412: Hibernate ORM core version 5.6.14.Final
2023-05-19 23:44:08.808  INFO 10392 --- [    Test worker] o.hibernate.annotations.common.Version   : HCANN000001: Hibernate Commons Annotations {5.1.2.Final}
2023-05-19 23:44:09.020  INFO 10392 --- [    Test worker] com.zaxxer.hikari.HikariDataSource       : HikariPool-1 - Starting...
2023-05-19 23:44:09.332  INFO 10392 --- [    Test worker] com.zaxxer.hikari.HikariDataSource       : HikariPool-1 - Start completed.
2023-05-19 23:44:09.364  INFO 10392 --- [    Test worker] org.hibernate.dialect.Dialect            : HHH000400: Using dialect: org.hibernate.dialect.PostgreSQLDialect
2023-05-19 23:44:10.795  INFO 10392 --- [    Test worker] o.h.e.t.j.p.i.JtaPlatformInitiator       : HHH000490: Using JtaPlatform implementation: [org.hibernate.engine.transaction.jta.platform.internal.NoJtaPlatform]
2023-05-19 23:44:10.820  INFO 10392 --- [    Test worker] j.LocalContainerEntityManagerFactoryBean : Initialized JPA EntityManagerFactory for persistence unit 'default'
2023-05-19 23:44:12.164  WARN 10392 --- [    Test worker] JpaBaseConfiguration$JpaWebConfiguration : spring.jpa.open-in-view is enabled by default. Therefore, database queries may be performed during view rendering. Explicitly configure spring.jpa.open-in-view to disable this warning
2023-05-19 23:44:14.960  INFO 10392 --- [    Test worker] AccountTest                              : Started AccountTest in 10.64 seconds (JVM running for 12.792)
Hibernate: select account0_.id as id1_0_, account0_.balance as balance2_0_, account0_.userid as userid3_0_ from accounts account0_
Hibernate: delete from accounts where id=?
Hibernate: select user0_.id as id1_3_, user0_.name as name2_3_, user0_.phone as phone3_3_ from users user0_ where user0_.phone=?
Hibernate: select nextval ('hibernate_sequence')
Hibernate: insert into accounts (balance, userid, id) values (?, ?, ?)
Hibernate: select user0_.id as id1_3_, user0_.name as name2_3_, user0_.phone as phone3_3_ from users user0_ where user0_.phone=?
Hibernate: select account0_.id as id1_0_, account0_.balance as balance2_0_, account0_.userid as userid3_0_ from accounts account0_ where account0_.userid=?
Hibernate: select account0_.id as id1_0_0_, account0_.balance as balance2_0_0_, account0_.userid as userid3_0_0_ from accounts account0_ where account0_.id=?
Hibernate: update accounts set balance=?, userid=? where id=?
Hibernate: select account0_.id as id1_0_, account0_.balance as balance2_0_, account0_.userid as userid3_0_ from accounts account0_ where account0_.userid=?
Hibernate: select account0_.id as id1_0_0_, account0_.balance as balance2_0_0_, account0_.userid as userid3_0_0_ from accounts account0_ where account0_.id=?
Hibernate: delete from accounts where id=?
Hibernate: select account0_.id as id1_0_, account0_.balance as balance2_0_, account0_.userid as userid3_0_ from accounts account0_
Hibernate: select user0_.id as id1_3_, user0_.name as name2_3_, user0_.phone as phone3_3_ from users user0_ where user0_.phone=?
Hibernate: select nextval ('hibernate_sequence')
Hibernate: insert into accounts (balance, userid, id) values (?, ?, ?)
Hibernate: select user0_.id as id1_3_, user0_.name as name2_3_, user0_.phone as phone3_3_ from users user0_ where user0_.phone=?
Hibernate: select account0_.id as id1_0_, account0_.balance as balance2_0_, account0_.userid as userid3_0_ from accounts account0_ where account0_.userid=?
]]></system-out>
  <system-err><![CDATA[]]></system-err>
</testsuite>
